<?xml version="1.0" encoding="UTF-8"?>
<Site BuildName="(empty)"
	BuildStamp="20260127-0436-Experimental"
	Name="(empty)"
	Generator="ctest-3.22.1"
	CompilerName=""
	CompilerVersion=""
	OSName="Linux"
	Hostname="daivy"
	OSRelease="6.6.87.2-microsoft-standard-WSL2"
	OSVersion="#1 SMP PREEMPT_DYNAMIC Thu Jun  5 18:30:46 UTC 2025"
	OSPlatform="x86_64"
	Is64Bits="1"
	VendorString="GenuineIntel"
	VendorID="Intel Corporation"
	FamilyID="6"
	ModelID="183"
	ProcessorCacheSize="36864"
	NumberOfLogicalCPU="32"
	NumberOfPhysicalCPU="16"
	TotalVirtualMemory="2048"
	TotalPhysicalMemory="7784"
	LogicalProcessorsPerPhysical="2"
	ProcessorClockFrequency="2419.2"
	>
	<Testing>
		<StartDateTime>Jan 27 17:19 CST</StartDateTime>
		<StartTestTime>1769505584</StartTestTime>
		<TestList/>
		<EndDateTime>Jan 27 17:19 CST</EndDateTime>
		<EndTestTime>1769505584</EndTestTime>
		<ElapsedMinutes>0</ElapsedMinutes>
	</Testing>
</Site>
